INFO main com.zhuwb.WoXin - DjRTXJI02ppG8pHQxVr8eA==---{"content":{"resultMsg":"还没到领取点","balance":"0","prizeNotice":null,"getedFlow":"0","resultCode":"shake10003","type":null,"leftCount":"0"},"createTime":"2018-10-02 10:07:42","msgType":"stealFlowCoinRsp","version":""}
INFO main com.zhuwb.WoXin - ibJHcPOqeF7K+696jKh46g==---{"content":{"resultMsg":"还没到领取点","balance":"0","prizeNotice":null,"getedFlow":"0","resultCode":"shake10003","type":null,"leftCount":"0"},"createTime":"2018-10-02 10:07:42","msgType":"stealFlowCoinRsp","version":""}
INFO main com.zhuwb.WoXin - AVqSxa9QmJMGp1gcjH5QqA==---{"content":{"resultMsg":"还没到领取点","balance":"0","prizeNotice":null,"getedFlow":"0","resultCode":"shake10003","type":null,"leftCount":"0"},"createTime":"2018-10-02 10:07:42","msgType":"stealFlowCoinRsp","version":""}
INFO main com.zhuwb.WoXin - wwYhqEN9xcbHxPSYDWhkNA==---{"content":{"resultMsg":"还没到领取点","balance":"0","prizeNotice":null,"getedFlow":"0","resultCode":"shake10003","type":null,"leftCount":"0"},"createTime":"2018-10-02 10:07:43","msgType":"stealFlowCoinRsp","version":""}
INFO main com.zhuwb.WoXin - HdFywIG1dljYXxIjpNmRiQ==---{"content":{"resultMsg":"还没到领取点","balance":"0","prizeNotice":null,"getedFlow":"0","resultCode":"shake10003","type":null,"leftCount":"0"},"createTime":"2018-10-02 10:07:43","msgType":"stealFlowCoinRsp","version":""}
INFO main com.zhuwb.WoXin - NcBfor/xUDeAFOpkeeN4+g==---{"content":{"resultMsg":"还没到领取点","balance":"0","prizeNotice":null,"getedFlow":"0","resultCode":"shake10003","type":null,"leftCount":"0"},"createTime":"2018-10-02 10:07:43","msgType":"stealFlowCoinRsp","version":""}
INFO main com.zhuwb.WoXin - iYSR8+hg0O83AP7+j7dyFw==---{"content":{"resultMsg":"还没到领取点","balance":"0","prizeNotice":null,"getedFlow":"0","resultCode":"shake10003","type":null,"leftCount":"0"},"createTime":"2018-10-02 10:07:43","msgType":"stealFlowCoinRsp","version":""}
INFO main com.zhuwb.WoXin - N0WggS6kWu7OP9KFHYs3Cg==---{"content":{"resultMsg":"还没到领取点","balance":"0","prizeNotice":null,"getedFlow":"0","resultCode":"shake10003","type":null,"leftCount":"0"},"createTime":"2018-10-02 10:07:44","msgType":"stealFlowCoinRsp","version":""}
INFO main com.zhuwb.WoXin - y3XrGcv7WxrjFSwTWNjpvg==---{"content":{"resultMsg":"还没到领取点","balance":"0","prizeNotice":null,"getedFlow":"0","resultCode":"shake10003","type":null,"leftCount":"0"},"createTime":"2018-10-02 10:07:44","msgType":"stealFlowCoinRsp","version":""}
INFO main com.zhuwb.WoXin - yy3iW8clttmvpPBwImkcDg==---{"content":{"resultMsg":"还没到领取点","balance":"0","prizeNotice":null,"getedFlow":"0","resultCode":"shake10003","type":null,"leftCount":"0"},"createTime":"2018-10-02 10:07:44","msgType":"stealFlowCoinRsp","version":""}
INFO main com.zhuwb.WoXin - yy3iW8clttlb3JbZyM0pzw==---{"content":{"resultMsg":"还没到领取点","balance":"0","prizeNotice":null,"getedFlow":"0","resultCode":"shake10003","type":null,"leftCount":"0"},"createTime":"2018-10-02 10:07:45","msgType":"stealFlowCoinRsp","version":""}
INFO main com.zhuwb.WoXin - xnpctydtoXjiYPCOl2htqQ==---{"content":{"resultMsg":"还没到领取点","balance":"0","prizeNotice":null,"getedFlow":"0","resultCode":"shake10003","type":null,"leftCount":"0"},"createTime":"2018-10-02 10:07:45","msgType":"stealFlowCoinRsp","version":""}
INFO main com.zhuwb.WoXin - serMDpdrJciOWgN83hOzvg==---{"content":{"resultMsg":"还没到领取点","balance":"0","prizeNotice":null,"getedFlow":"0","resultCode":"shake10003","type":null,"leftCount":"0"},"createTime":"2018-10-02 10:07:45","msgType":"stealFlowCoinRsp","version":""}
INFO main com.zhuwb.WoXin - kPOin1QHJAxvRuTlsfZmnw==---{"content":{"resultMsg":"还没到领取点","balance":"0","prizeNotice":null,"getedFlow":"0","resultCode":"shake10003","type":null,"leftCount":"0"},"createTime":"2018-10-02 10:07:45","msgType":"stealFlowCoinRsp","version":""}
INFO main com.zhuwb.WoXin - bS/Qpp6c3eqLF0frrCbMKQ==---{"content":{"resultMsg":"还没到领取点","balance":"0","prizeNotice":null,"getedFlow":"0","resultCode":"shake10003","type":null,"leftCount":"0"},"createTime":"2018-10-02 10:07:46","msgType":"stealFlowCoinRsp","version":""}
INFO main com.zhuwb.WoXin - PhCPq1hsI+x+aGOMTu31aQ==---{"content":{"resultMsg":"还没到领取点","balance":"0","prizeNotice":null,"getedFlow":"0","resultCode":"shake10003","type":null,"leftCount":"0"},"createTime":"2018-10-02 10:07:45","msgType":"stealFlowCoinRsp","version":""}
INFO main com.zhuwb.WoXin - n1FS154wcxIqGxyZEBduoA==---{"content":{"resultMsg":"还没到领取点","balance":"0","prizeNotice":null,"getedFlow":"0","resultCode":"shake10003","type":null,"leftCount":"0"},"createTime":"2018-10-02 10:07:46","msgType":"stealFlowCoinRsp","version":""}
INFO main com.zhuwb.WoXin - CjUvpw2lOd2FvDkgxEZUFQ==---{"content":{"resultMsg":"还没到领取点","balance":"0","prizeNotice":null,"getedFlow":"0","resultCode":"shake10003","type":null,"leftCount":"0"},"createTime":"2018-10-02 10:07:46","msgType":"stealFlowCoinRsp","version":""}
INFO main com.zhuwb.WoXin - DjRTXJI02ppG8pHQxVr8eA==---{"content":{"resultMsg":"还没到领取点","balance":"0","prizeNotice":null,"getedFlow":"0","resultCode":"shake10003","type":null,"leftCount":"0"},"createTime":"2018-10-02 10:07:56","msgType":"stealFlowCoinRsp","version":""}
INFO main com.zhuwb.WoXin - ibJHcPOqeF7K+696jKh46g==---{"content":{"resultMsg":"还没到领取点","balance":"0","prizeNotice":null,"getedFlow":"0","resultCode":"shake10003","type":null,"leftCount":"0"},"createTime":"2018-10-02 10:07:57","msgType":"stealFlowCoinRsp","version":""}
INFO main com.zhuwb.WoXin - AVqSxa9QmJMGp1gcjH5QqA==---{"content":{"resultMsg":"还没到领取点","balance":"0","prizeNotice":null,"getedFlow":"0","resultCode":"shake10003","type":null,"leftCount":"0"},"createTime":"2018-10-02 10:07:57","msgType":"stealFlowCoinRsp","version":""}
INFO main com.zhuwb.WoXin - wwYhqEN9xcbHxPSYDWhkNA==---{"content":{"resultMsg":"还没到领取点","balance":"0","prizeNotice":null,"getedFlow":"0","resultCode":"shake10003","type":null,"leftCount":"0"},"createTime":"2018-10-02 10:07:58","msgType":"stealFlowCoinRsp","version":""}
INFO main com.zhuwb.WoXin - HdFywIG1dljYXxIjpNmRiQ==---{"content":{"resultMsg":"还没到领取点","balance":"0","prizeNotice":null,"getedFlow":"0","resultCode":"shake10003","type":null,"leftCount":"0"},"createTime":"2018-10-02 10:07:58","msgType":"stealFlowCoinRsp","version":""}
INFO main com.zhuwb.WoXin - NcBfor/xUDeAFOpkeeN4+g==---{"content":{"resultMsg":"还没到领取点","balance":"0","prizeNotice":null,"getedFlow":"0","resultCode":"shake10003","type":null,"leftCount":"0"},"createTime":"2018-10-02 10:07:58","msgType":"stealFlowCoinRsp","version":""}
INFO main com.zhuwb.WoXin - iYSR8+hg0O83AP7+j7dyFw==---{"content":{"resultMsg":"还没到领取点","balance":"0","prizeNotice":null,"getedFlow":"0","resultCode":"shake10003","type":null,"leftCount":"0"},"createTime":"2018-10-02 10:07:59","msgType":"stealFlowCoinRsp","version":""}
INFO main com.zhuwb.WoXin - N0WggS6kWu7OP9KFHYs3Cg==---{"content":{"resultMsg":"还没到领取点","balance":"0","prizeNotice":null,"getedFlow":"0","resultCode":"shake10003","type":null,"leftCount":"0"},"createTime":"2018-10-02 10:07:59","msgType":"stealFlowCoinRsp","version":""}
INFO main com.zhuwb.WoXin - y3XrGcv7WxrjFSwTWNjpvg==---{"content":{"resultMsg":"还没到领取点","balance":"0","prizeNotice":null,"getedFlow":"0","resultCode":"shake10003","type":null,"leftCount":"0"},"createTime":"2018-10-02 10:07:59","msgType":"stealFlowCoinRsp","version":""}
INFO main com.zhuwb.WoXin - yy3iW8clttmvpPBwImkcDg==---{"content":{"resultMsg":"还没到领取点","balance":"0","prizeNotice":null,"getedFlow":"0","resultCode":"shake10003","type":null,"leftCount":"0"},"createTime":"2018-10-02 10:07:59","msgType":"stealFlowCoinRsp","version":""}
INFO main com.zhuwb.WoXin - yy3iW8clttlb3JbZyM0pzw==---{"content":{"resultMsg":"还没到领取点","balance":"0","prizeNotice":null,"getedFlow":"0","resultCode":"shake10003","type":null,"leftCount":"0"},"createTime":"2018-10-02 10:08:00","msgType":"stealFlowCoinRsp","version":""}
INFO main com.zhuwb.WoXin - xnpctydtoXjiYPCOl2htqQ==---{"content":{"resultMsg":"还没到领取点","balance":"0","prizeNotice":null,"getedFlow":"0","resultCode":"shake10003","type":null,"leftCount":"0"},"createTime":"2018-10-02 10:08:00","msgType":"stealFlowCoinRsp","version":""}
INFO main com.zhuwb.WoXin - serMDpdrJciOWgN83hOzvg==---{"content":{"resultMsg":"还没到领取点","balance":"0","prizeNotice":null,"getedFlow":"0","resultCode":"shake10003","type":null,"leftCount":"0"},"createTime":"2018-10-02 10:08:00","msgType":"stealFlowCoinRsp","version":""}
INFO main com.zhuwb.WoXin - kPOin1QHJAxvRuTlsfZmnw==---{"content":{"resultMsg":"还没到领取点","balance":"0","prizeNotice":null,"getedFlow":"0","resultCode":"shake10003","type":null,"leftCount":"0"},"createTime":"2018-10-02 10:08:00","msgType":"stealFlowCoinRsp","version":""}
INFO main com.zhuwb.WoXin - bS/Qpp6c3eqLF0frrCbMKQ==---{"content":{"resultMsg":"还没到领取点","balance":"0","prizeNotice":null,"getedFlow":"0","resultCode":"shake10003","type":null,"leftCount":"0"},"createTime":"2018-10-02 10:08:00","msgType":"stealFlowCoinRsp","version":""}
INFO main com.zhuwb.WoXin - PhCPq1hsI+x+aGOMTu31aQ==---{"content":{"resultMsg":"还没到领取点","balance":"0","prizeNotice":null,"getedFlow":"0","resultCode":"shake10003","type":null,"leftCount":"0"},"createTime":"2018-10-02 10:08:01","msgType":"stealFlowCoinRsp","version":""}
INFO main com.zhuwb.WoXin - n1FS154wcxIqGxyZEBduoA==---{"content":{"resultMsg":"还没到领取点","balance":"0","prizeNotice":null,"getedFlow":"0","resultCode":"shake10003","type":null,"leftCount":"0"},"createTime":"2018-10-02 10:08:01","msgType":"stealFlowCoinRsp","version":""}
INFO main com.zhuwb.WoXin - CjUvpw2lOd2FvDkgxEZUFQ==---{"content":{"resultMsg":"还没到领取点","balance":"0","prizeNotice":null,"getedFlow":"0","resultCode":"shake10003","type":null,"leftCount":"0"},"createTime":"2018-10-02 10:08:01","msgType":"stealFlowCoinRsp","version":""}
INFO main com.zhuwb.WoXin - DjRTXJI02ppG8pHQxVr8eA==---{"content":{"resultMsg":"查询GPRS话单失败","balance":"0","prizeNotice":null,"getedFlow":"0","resultCode":"shake10002","type":null,"leftCount":"0"},"createTime":"2018-10-02 10:09:13","msgType":"stealFlowCoinRsp","version":""}
INFO main com.zhuwb.WoXin - ibJHcPOqeF7K+696jKh46g==---{"content":{"resultMsg":"查询GPRS话单失败","balance":"0","prizeNotice":null,"getedFlow":"0","resultCode":"shake10002","type":null,"leftCount":"0"},"createTime":"2018-10-02 10:09:13","msgType":"stealFlowCoinRsp","version":""}
INFO main com.zhuwb.WoXin - AVqSxa9QmJMGp1gcjH5QqA==---{"content":{"resultMsg":"还没到领取点","balance":"0","prizeNotice":null,"getedFlow":"0","resultCode":"shake10003","type":null,"leftCount":"0"},"createTime":"2018-10-02 10:09:14","msgType":"stealFlowCoinRsp","version":""}
INFO main com.zhuwb.WoXin - wwYhqEN9xcbHxPSYDWhkNA==---{"content":{"resultMsg":"还没到领取点","balance":"0","prizeNotice":null,"getedFlow":"0","resultCode":"shake10003","type":null,"leftCount":"0"},"createTime":"2018-10-02 10:09:14","msgType":"stealFlowCoinRsp","version":""}
INFO main com.zhuwb.WoXin - HdFywIG1dljYXxIjpNmRiQ==---{"content":{"resultMsg":"还没到领取点","balance":"0","prizeNotice":null,"getedFlow":"0","resultCode":"shake10003","type":null,"leftCount":"0"},"createTime":"2018-10-02 10:09:14","msgType":"stealFlowCoinRsp","version":""}
INFO main com.zhuwb.WoXin - NcBfor/xUDeAFOpkeeN4+g==---{"content":{"resultMsg":"还没到领取点","balance":"0","prizeNotice":null,"getedFlow":"0","resultCode":"shake10003","type":null,"leftCount":"0"},"createTime":"2018-10-02 10:09:15","msgType":"stealFlowCoinRsp","version":""}
INFO main com.zhuwb.WoXin - iYSR8+hg0O83AP7+j7dyFw==---{"content":{"resultMsg":"还没到领取点","balance":"0","prizeNotice":null,"getedFlow":"0","resultCode":"shake10003","type":null,"leftCount":"0"},"createTime":"2018-10-02 10:09:15","msgType":"stealFlowCoinRsp","version":""}
INFO main com.zhuwb.WoXin - N0WggS6kWu7OP9KFHYs3Cg==---{"content":{"resultMsg":"还没到领取点","balance":"0","prizeNotice":null,"getedFlow":"0","resultCode":"shake10003","type":null,"leftCount":"0"},"createTime":"2018-10-02 10:09:15","msgType":"stealFlowCoinRsp","version":""}
INFO main com.zhuwb.WoXin - y3XrGcv7WxrjFSwTWNjpvg==---{"content":{"resultMsg":"还没到领取点","balance":"0","prizeNotice":null,"getedFlow":"0","resultCode":"shake10003","type":null,"leftCount":"0"},"createTime":"2018-10-02 10:09:15","msgType":"stealFlowCoinRsp","version":""}
INFO main com.zhuwb.WoXin - yy3iW8clttmvpPBwImkcDg==---{"content":{"resultMsg":"还没到领取点","balance":"0","prizeNotice":null,"getedFlow":"0","resultCode":"shake10003","type":null,"leftCount":"0"},"createTime":"2018-10-02 10:09:16","msgType":"stealFlowCoinRsp","version":""}
INFO main com.zhuwb.WoXin - yy3iW8clttlb3JbZyM0pzw==---{"content":{"resultMsg":"还没到领取点","balance":"0","prizeNotice":null,"getedFlow":"0","resultCode":"shake10003","type":null,"leftCount":"0"},"createTime":"2018-10-02 10:09:16","msgType":"stealFlowCoinRsp","version":""}
INFO main com.zhuwb.WoXin - xnpctydtoXjiYPCOl2htqQ==---{"content":{"resultMsg":"还没到领取点","balance":"0","prizeNotice":null,"getedFlow":"0","resultCode":"shake10003","type":null,"leftCount":"0"},"createTime":"2018-10-02 10:09:16","msgType":"stealFlowCoinRsp","version":""}
INFO main com.zhuwb.WoXin - serMDpdrJciOWgN83hOzvg==---{"content":{"resultMsg":"还没到领取点","balance":"0","prizeNotice":null,"getedFlow":"0","resultCode":"shake10003","type":null,"leftCount":"0"},"createTime":"2018-10-02 10:09:16","msgType":"stealFlowCoinRsp","version":""}
INFO main com.zhuwb.WoXin - kPOin1QHJAxvRuTlsfZmnw==---{"content":{"resultMsg":"还没到领取点","balance":"0","prizeNotice":null,"getedFlow":"0","resultCode":"shake10003","type":null,"leftCount":"0"},"createTime":"2018-10-02 10:09:17","msgType":"stealFlowCoinRsp","version":""}
INFO main com.zhuwb.WoXin - bS/Qpp6c3eqLF0frrCbMKQ==---{"content":{"resultMsg":"还没到领取点","balance":"0","prizeNotice":null,"getedFlow":"0","resultCode":"shake10003","type":null,"leftCount":"0"},"createTime":"2018-10-02 10:09:17","msgType":"stealFlowCoinRsp","version":""}
INFO main com.zhuwb.WoXin - PhCPq1hsI+x+aGOMTu31aQ==---{"content":{"resultMsg":"还没到领取点","balance":"0","prizeNotice":null,"getedFlow":"0","resultCode":"shake10003","type":null,"leftCount":"0"},"createTime":"2018-10-02 10:09:18","msgType":"stealFlowCoinRsp","version":""}
INFO main com.zhuwb.WoXin - n1FS154wcxIqGxyZEBduoA==---{"content":{"resultMsg":"还没到领取点","balance":"0","prizeNotice":null,"getedFlow":"0","resultCode":"shake10003","type":null,"leftCount":"0"},"createTime":"2018-10-02 10:09:18","msgType":"stealFlowCoinRsp","version":""}
INFO main com.zhuwb.WoXin - CjUvpw2lOd2FvDkgxEZUFQ==---{"content":{"resultMsg":"还没到领取点","balance":"0","prizeNotice":null,"getedFlow":"0","resultCode":"shake10003","type":null,"leftCount":"0"},"createTime":"2018-10-02 10:09:18","msgType":"stealFlowCoinRsp","version":""}
INFO main com.zhuwb.WoXin - DjRTXJI02ppG8pHQxVr8eA==---{"content":{"resultMsg":"还没到领取点","balance":"0","prizeNotice":null,"getedFlow":"0","resultCode":"shake10003","type":null,"leftCount":"0"},"createTime":"2018-10-02 10:09:28","msgType":"stealFlowCoinRsp","version":""}
INFO main com.zhuwb.WoXin - ibJHcPOqeF7K+696jKh46g==---{"content":{"resultMsg":"还没到领取点","balance":"0","prizeNotice":null,"getedFlow":"0","resultCode":"shake10003","type":null,"leftCount":"0"},"createTime":"2018-10-02 10:09:29","msgType":"stealFlowCoinRsp","version":""}
INFO main com.zhuwb.WoXin - AVqSxa9QmJMGp1gcjH5QqA==---{"content":{"resultMsg":"还没到领取点","balance":"0","prizeNotice":null,"getedFlow":"0","resultCode":"shake10003","type":null,"leftCount":"0"},"createTime":"2018-10-02 10:09:28","msgType":"stealFlowCoinRsp","version":""}
INFO main com.zhuwb.WoXin - wwYhqEN9xcbHxPSYDWhkNA==---{"content":{"resultMsg":"还没到领取点","balance":"0","prizeNotice":null,"getedFlow":"0","resultCode":"shake10003","type":null,"leftCount":"0"},"createTime":"2018-10-02 10:09:29","msgType":"stealFlowCoinRsp","version":""}
INFO main com.zhuwb.WoXin - HdFywIG1dljYXxIjpNmRiQ==---{"content":{"resultMsg":"还没到领取点","balance":"0","prizeNotice":null,"getedFlow":"0","resultCode":"shake10003","type":null,"leftCount":"0"},"createTime":"2018-10-02 10:09:29","msgType":"stealFlowCoinRsp","version":""}
INFO main com.zhuwb.WoXin - NcBfor/xUDeAFOpkeeN4+g==---{"content":{"resultMsg":"还没到领取点","balance":"0","prizeNotice":null,"getedFlow":"0","resultCode":"shake10003","type":null,"leftCount":"0"},"createTime":"2018-10-02 10:09:30","msgType":"stealFlowCoinRsp","version":""}
INFO main com.zhuwb.WoXin - iYSR8+hg0O83AP7+j7dyFw==---{"content":{"resultMsg":"还没到领取点","balance":"0","prizeNotice":null,"getedFlow":"0","resultCode":"shake10003","type":null,"leftCount":"0"},"createTime":"2018-10-02 10:09:29","msgType":"stealFlowCoinRsp","version":""}
INFO main com.zhuwb.WoXin - N0WggS6kWu7OP9KFHYs3Cg==---{"content":{"resultMsg":"还没到领取点","balance":"0","prizeNotice":null,"getedFlow":"0","resultCode":"shake10003","type":null,"leftCount":"0"},"createTime":"2018-10-02 10:09:30","msgType":"stealFlowCoinRsp","version":""}
INFO main com.zhuwb.WoXin - y3XrGcv7WxrjFSwTWNjpvg==---{"content":{"resultMsg":"还没到领取点","balance":"0","prizeNotice":null,"getedFlow":"0","resultCode":"shake10003","type":null,"leftCount":"0"},"createTime":"2018-10-02 10:09:30","msgType":"stealFlowCoinRsp","version":""}
INFO main com.zhuwb.WoXin - yy3iW8clttmvpPBwImkcDg==---{"content":{"resultMsg":"查询GPRS话单失败","balance":"0","prizeNotice":null,"getedFlow":"0","resultCode":"shake10002","type":null,"leftCount":"0"},"createTime":"2018-10-02 10:09:31","msgType":"stealFlowCoinRsp","version":""}
INFO main com.zhuwb.WoXin - yy3iW8clttlb3JbZyM0pzw==---{"content":{"resultMsg":"还没到领取点","balance":"0","prizeNotice":null,"getedFlow":"0","resultCode":"shake10003","type":null,"leftCount":"0"},"createTime":"2018-10-02 10:09:31","msgType":"stealFlowCoinRsp","version":""}
INFO main com.zhuwb.WoXin - xnpctydtoXjiYPCOl2htqQ==---{"content":{"resultMsg":"还没到领取点","balance":"0","prizeNotice":null,"getedFlow":"0","resultCode":"shake10003","type":null,"leftCount":"0"},"createTime":"2018-10-02 10:09:31","msgType":"stealFlowCoinRsp","version":""}
INFO main com.zhuwb.WoXin - DjRTXJI02ppG8pHQxVr8eA==---{"content":{"resultMsg":"还没到领取点","balance":"0","prizeNotice":null,"getedFlow":"0","resultCode":"shake10003","type":null,"leftCount":"0"},"createTime":"2018-10-02 10:09:36","msgType":"stealFlowCoinRsp","version":""}
INFO main com.zhuwb.WoXin - ibJHcPOqeF7K+696jKh46g==---{"content":{"resultMsg":"还没到领取点","balance":"0","prizeNotice":null,"getedFlow":"0","resultCode":"shake10003","type":null,"leftCount":"0"},"createTime":"2018-10-02 10:09:36","msgType":"stealFlowCoinRsp","version":""}
INFO main com.zhuwb.WoXin - AVqSxa9QmJMGp1gcjH5QqA==---{"content":{"resultMsg":"还没到领取点","balance":"0","prizeNotice":null,"getedFlow":"0","resultCode":"shake10003","type":null,"leftCount":"0"},"createTime":"2018-10-02 10:09:36","msgType":"stealFlowCoinRsp","version":""}
INFO main com.zhuwb.WoXin - wwYhqEN9xcbHxPSYDWhkNA==---{"content":{"resultMsg":"还没到领取点","balance":"0","prizeNotice":null,"getedFlow":"0","resultCode":"shake10003","type":null,"leftCount":"0"},"createTime":"2018-10-02 10:09:36","msgType":"stealFlowCoinRsp","version":""}
INFO main com.zhuwb.WoXin - HdFywIG1dljYXxIjpNmRiQ==---{"content":{"resultMsg":"还没到领取点","balance":"0","prizeNotice":null,"getedFlow":"0","resultCode":"shake10003","type":null,"leftCount":"0"},"createTime":"2018-10-02 10:09:36","msgType":"stealFlowCoinRsp","version":""}
INFO main com.zhuwb.WoXin - NcBfor/xUDeAFOpkeeN4+g==---{"content":{"resultMsg":"还没到领取点","balance":"0","prizeNotice":null,"getedFlow":"0","resultCode":"shake10003","type":null,"leftCount":"0"},"createTime":"2018-10-02 10:09:36","msgType":"stealFlowCoinRsp","version":""}
INFO main com.zhuwb.WoXin - iYSR8+hg0O83AP7+j7dyFw==---{"content":{"resultMsg":"还没到领取点","balance":"0","prizeNotice":null,"getedFlow":"0","resultCode":"shake10003","type":null,"leftCount":"0"},"createTime":"2018-10-02 10:09:37","msgType":"stealFlowCoinRsp","version":""}
INFO main com.zhuwb.WoXin - N0WggS6kWu7OP9KFHYs3Cg==---{"content":{"resultMsg":"还没到领取点","balance":"0","prizeNotice":null,"getedFlow":"0","resultCode":"shake10003","type":null,"leftCount":"0"},"createTime":"2018-10-02 10:09:37","msgType":"stealFlowCoinRsp","version":""}
INFO main com.zhuwb.WoXin - y3XrGcv7WxrjFSwTWNjpvg==---{"content":{"resultMsg":"还没到领取点","balance":"0","prizeNotice":null,"getedFlow":"0","resultCode":"shake10003","type":null,"leftCount":"0"},"createTime":"2018-10-02 10:09:37","msgType":"stealFlowCoinRsp","version":""}
INFO main com.zhuwb.WoXin - yy3iW8clttmvpPBwImkcDg==---{"content":{"resultMsg":"还没到领取点","balance":"0","prizeNotice":null,"getedFlow":"0","resultCode":"shake10003","type":null,"leftCount":"0"},"createTime":"2018-10-02 10:09:38","msgType":"stealFlowCoinRsp","version":""}
INFO main com.zhuwb.WoXin - yy3iW8clttlb3JbZyM0pzw==---{"content":{"resultMsg":"还没到领取点","balance":"0","prizeNotice":null,"getedFlow":"0","resultCode":"shake10003","type":null,"leftCount":"0"},"createTime":"2018-10-02 10:09:38","msgType":"stealFlowCoinRsp","version":""}
INFO main com.zhuwb.WoXin - xnpctydtoXjiYPCOl2htqQ==---{"content":{"resultMsg":"还没到领取点","balance":"0","prizeNotice":null,"getedFlow":"0","resultCode":"shake10003","type":null,"leftCount":"0"},"createTime":"2018-10-02 10:09:38","msgType":"stealFlowCoinRsp","version":""}
INFO main com.zhuwb.WoXin - serMDpdrJciOWgN83hOzvg==---{"content":{"resultMsg":"还没到领取点","balance":"0","prizeNotice":null,"getedFlow":"0","resultCode":"shake10003","type":null,"leftCount":"0"},"createTime":"2018-10-02 10:09:38","msgType":"stealFlowCoinRsp","version":""}
INFO main com.zhuwb.WoXin - kPOin1QHJAxvRuTlsfZmnw==---{"content":{"resultMsg":"还没到领取点","balance":"0","prizeNotice":null,"getedFlow":"0","resultCode":"shake10003","type":null,"leftCount":"0"},"createTime":"2018-10-02 10:09:38","msgType":"stealFlowCoinRsp","version":""}
INFO main com.zhuwb.WoXin - bS/Qpp6c3eqLF0frrCbMKQ==---{"content":{"resultMsg":"还没到领取点","balance":"0","prizeNotice":null,"getedFlow":"0","resultCode":"shake10003","type":null,"leftCount":"0"},"createTime":"2018-10-02 10:09:39","msgType":"stealFlowCoinRsp","version":""}
INFO main com.zhuwb.WoXin - PhCPq1hsI+x+aGOMTu31aQ==---{"content":{"resultMsg":"还没到领取点","balance":"0","prizeNotice":null,"getedFlow":"0","resultCode":"shake10003","type":null,"leftCount":"0"},"createTime":"2018-10-02 10:09:39","msgType":"stealFlowCoinRsp","version":""}
INFO main com.zhuwb.WoXin - n1FS154wcxIqGxyZEBduoA==---{"content":{"resultMsg":"还没到领取点","balance":"0","prizeNotice":null,"getedFlow":"0","resultCode":"shake10003","type":null,"leftCount":"0"},"createTime":"2018-10-02 10:09:39","msgType":"stealFlowCoinRsp","version":""}
INFO main com.zhuwb.WoXin - CjUvpw2lOd2FvDkgxEZUFQ==---{"content":{"resultMsg":"还没到领取点","balance":"0","prizeNotice":null,"getedFlow":"0","resultCode":"shake10003","type":null,"leftCount":"0"},"createTime":"2018-10-02 10:09:40","msgType":"stealFlowCoinRsp","version":""}
INFO main com.zhuwb.WoXin - DjRTXJI02ppG8pHQxVr8eA==---{"content":{"resultMsg":"还没到领取点","balance":"0","prizeNotice":null,"getedFlow":"0","resultCode":"shake10003","type":null,"leftCount":"0"},"createTime":"2018-10-02 10:09:50","msgType":"stealFlowCoinRsp","version":""}
INFO main com.zhuwb.WoXin - ibJHcPOqeF7K+696jKh46g==---{"content":{"resultMsg":"还没到领取点","balance":"0","prizeNotice":null,"getedFlow":"0","resultCode":"shake10003","type":null,"leftCount":"0"},"createTime":"2018-10-02 10:09:50","msgType":"stealFlowCoinRsp","version":""}
INFO main com.zhuwb.WoXin - AVqSxa9QmJMGp1gcjH5QqA==---{"content":{"resultMsg":"还没到领取点","balance":"0","prizeNotice":null,"getedFlow":"0","resultCode":"shake10003","type":null,"leftCount":"0"},"createTime":"2018-10-02 10:09:50","msgType":"stealFlowCoinRsp","version":""}
INFO main com.zhuwb.WoXin - wwYhqEN9xcbHxPSYDWhkNA==---{"content":{"resultMsg":"还没到领取点","balance":"0","prizeNotice":null,"getedFlow":"0","resultCode":"shake10003","type":null,"leftCount":"0"},"createTime":"2018-10-02 10:09:51","msgType":"stealFlowCoinRsp","version":""}
INFO main com.zhuwb.WoXin - HdFywIG1dljYXxIjpNmRiQ==---{"content":{"resultMsg":"还没到领取点","balance":"0","prizeNotice":null,"getedFlow":"0","resultCode":"shake10003","type":null,"leftCount":"0"},"createTime":"2018-10-02 10:09:51","msgType":"stealFlowCoinRsp","version":""}
INFO main com.zhuwb.WoXin - NcBfor/xUDeAFOpkeeN4+g==---{"content":{"resultMsg":"还没到领取点","balance":"0","prizeNotice":null,"getedFlow":"0","resultCode":"shake10003","type":null,"leftCount":"0"},"createTime":"2018-10-02 10:09:52","msgType":"stealFlowCoinRsp","version":""}
INFO main com.zhuwb.WoXin - iYSR8+hg0O83AP7+j7dyFw==---{"content":{"resultMsg":"还没到领取点","balance":"0","prizeNotice":null,"getedFlow":"0","resultCode":"shake10003","type":null,"leftCount":"0"},"createTime":"2018-10-02 10:09:52","msgType":"stealFlowCoinRsp","version":""}
INFO main com.zhuwb.WoXin - N0WggS6kWu7OP9KFHYs3Cg==---{"content":{"resultMsg":"还没到领取点","balance":"0","prizeNotice":null,"getedFlow":"0","resultCode":"shake10003","type":null,"leftCount":"0"},"createTime":"2018-10-02 10:09:52","msgType":"stealFlowCoinRsp","version":""}
INFO main com.zhuwb.WoXin - y3XrGcv7WxrjFSwTWNjpvg==---{"content":{"resultMsg":"还没到领取点","balance":"0","prizeNotice":null,"getedFlow":"0","resultCode":"shake10003","type":null,"leftCount":"0"},"createTime":"2018-10-02 10:09:52","msgType":"stealFlowCoinRsp","version":""}
INFO main com.zhuwb.WoXin - yy3iW8clttmvpPBwImkcDg==---{"content":{"resultMsg":"还没到领取点","balance":"0","prizeNotice":null,"getedFlow":"0","resultCode":"shake10003","type":null,"leftCount":"0"},"createTime":"2018-10-02 10:09:52","msgType":"stealFlowCoinRsp","version":""}
INFO main com.zhuwb.WoXin - yy3iW8clttlb3JbZyM0pzw==---{"content":{"resultMsg":"还没到领取点","balance":"0","prizeNotice":null,"getedFlow":"0","resultCode":"shake10003","type":null,"leftCount":"0"},"createTime":"2018-10-02 10:09:53","msgType":"stealFlowCoinRsp","version":""}
INFO main com.zhuwb.WoXin - xnpctydtoXjiYPCOl2htqQ==---{"content":{"resultMsg":"还没到领取点","balance":"0","prizeNotice":null,"getedFlow":"0","resultCode":"shake10003","type":null,"leftCount":"0"},"createTime":"2018-10-02 10:09:53","msgType":"stealFlowCoinRsp","version":""}
INFO main com.zhuwb.WoXin - serMDpdrJciOWgN83hOzvg==---{"content":{"resultMsg":"还没到领取点","balance":"0","prizeNotice":null,"getedFlow":"0","resultCode":"shake10003","type":null,"leftCount":"0"},"createTime":"2018-10-02 10:09:53","msgType":"stealFlowCoinRsp","version":""}
INFO main com.zhuwb.WoXin - kPOin1QHJAxvRuTlsfZmnw==---{"content":{"resultMsg":"还没到领取点","balance":"0","prizeNotice":null,"getedFlow":"0","resultCode":"shake10003","type":null,"leftCount":"0"},"createTime":"2018-10-02 10:09:54","msgType":"stealFlowCoinRsp","version":""}
INFO main com.zhuwb.WoXin - bS/Qpp6c3eqLF0frrCbMKQ==---{"content":{"resultMsg":"还没到领取点","balance":"0","prizeNotice":null,"getedFlow":"0","resultCode":"shake10003","type":null,"leftCount":"0"},"createTime":"2018-10-02 10:09:54","msgType":"stealFlowCoinRsp","version":""}
INFO main com.zhuwb.WoXin - PhCPq1hsI+x+aGOMTu31aQ==---{"content":{"resultMsg":"还没到领取点","balance":"0","prizeNotice":null,"getedFlow":"0","resultCode":"shake10003","type":null,"leftCount":"0"},"createTime":"2018-10-02 10:09:54","msgType":"stealFlowCoinRsp","version":""}
INFO main com.zhuwb.WoXin - n1FS154wcxIqGxyZEBduoA==---{"content":{"resultMsg":"还没到领取点","balance":"0","prizeNotice":null,"getedFlow":"0","resultCode":"shake10003","type":null,"leftCount":"0"},"createTime":"2018-10-02 10:09:54","msgType":"stealFlowCoinRsp","version":""}
INFO main com.zhuwb.WoXin - CjUvpw2lOd2FvDkgxEZUFQ==---{"content":{"resultMsg":"还没到领取点","balance":"0","prizeNotice":null,"getedFlow":"0","resultCode":"shake10003","type":null,"leftCount":"0"},"createTime":"2018-10-02 10:09:54","msgType":"stealFlowCoinRsp","version":""}
INFO main com.zhuwb.WoXin - DjRTXJI02ppG8pHQxVr8eA==---{"content":{"resultMsg":"还没到领取点","balance":"0","prizeNotice":null,"getedFlow":"0","resultCode":"shake10003","type":null,"leftCount":"0"},"createTime":"2018-10-02 10:10:05","msgType":"stealFlowCoinRsp","version":""}
INFO main com.zhuwb.WoXin - ibJHcPOqeF7K+696jKh46g==---{"content":{"resultMsg":"还没到领取点","balance":"0","prizeNotice":null,"getedFlow":"0","resultCode":"shake10003","type":null,"leftCount":"0"},"createTime":"2018-10-02 10:10:05","msgType":"stealFlowCoinRsp","version":""}
INFO main com.zhuwb.WoXin - AVqSxa9QmJMGp1gcjH5QqA==---{"content":{"resultMsg":"还没到领取点","balance":"0","prizeNotice":null,"getedFlow":"0","resultCode":"shake10003","type":null,"leftCount":"0"},"createTime":"2018-10-02 10:10:05","msgType":"stealFlowCoinRsp","version":""}
INFO main com.zhuwb.WoXin - wwYhqEN9xcbHxPSYDWhkNA==---{"content":{"resultMsg":"还没到领取点","balance":"0","prizeNotice":null,"getedFlow":"0","resultCode":"shake10003","type":null,"leftCount":"0"},"createTime":"2018-10-02 10:10:06","msgType":"stealFlowCoinRsp","version":""}
INFO main com.zhuwb.WoXin - HdFywIG1dljYXxIjpNmRiQ==---{"content":{"resultMsg":"还没到领取点","balance":"0","prizeNotice":null,"getedFlow":"0","resultCode":"shake10003","type":null,"leftCount":"0"},"createTime":"2018-10-02 10:10:06","msgType":"stealFlowCoinRsp","version":""}
INFO main com.zhuwb.WoXin - NcBfor/xUDeAFOpkeeN4+g==---{"content":{"resultMsg":"还没到领取点","balance":"0","prizeNotice":null,"getedFlow":"0","resultCode":"shake10003","type":null,"leftCount":"0"},"createTime":"2018-10-02 10:10:06","msgType":"stealFlowCoinRsp","version":""}
INFO main com.zhuwb.WoXin - iYSR8+hg0O83AP7+j7dyFw==---{"content":{"resultMsg":"还没到领取点","balance":"0","prizeNotice":null,"getedFlow":"0","resultCode":"shake10003","type":null,"leftCount":"0"},"createTime":"2018-10-02 10:10:06","msgType":"stealFlowCoinRsp","version":""}
INFO main com.zhuwb.WoXin - N0WggS6kWu7OP9KFHYs3Cg==---{"content":{"resultMsg":"还没到领取点","balance":"0","prizeNotice":null,"getedFlow":"0","resultCode":"shake10003","type":null,"leftCount":"0"},"createTime":"2018-10-02 10:10:06","msgType":"stealFlowCoinRsp","version":""}
INFO main com.zhuwb.WoXin - y3XrGcv7WxrjFSwTWNjpvg==---{"content":{"resultMsg":"还没到领取点","balance":"0","prizeNotice":null,"getedFlow":"0","resultCode":"shake10003","type":null,"leftCount":"0"},"createTime":"2018-10-02 10:10:07","msgType":"stealFlowCoinRsp","version":""}
INFO main com.zhuwb.WoXin - yy3iW8clttmvpPBwImkcDg==---{"content":{"resultMsg":"还没到领取点","balance":"0","prizeNotice":null,"getedFlow":"0","resultCode":"shake10003","type":null,"leftCount":"0"},"createTime":"2018-10-02 10:10:07","msgType":"stealFlowCoinRsp","version":""}
INFO main com.zhuwb.WoXin - yy3iW8clttlb3JbZyM0pzw==---{"content":{"resultMsg":"还没到领取点","balance":"0","prizeNotice":null,"getedFlow":"0","resultCode":"shake10003","type":null,"leftCount":"0"},"createTime":"2018-10-02 10:10:07","msgType":"stealFlowCoinRsp","version":""}
INFO main com.zhuwb.WoXin - xnpctydtoXjiYPCOl2htqQ==---{"content":{"resultMsg":"还没到领取点","balance":"0","prizeNotice":null,"getedFlow":"0","resultCode":"shake10003","type":null,"leftCount":"0"},"createTime":"2018-10-02 10:10:07","msgType":"stealFlowCoinRsp","version":""}
INFO main com.zhuwb.WoXin - serMDpdrJciOWgN83hOzvg==---{"content":{"resultMsg":"还没到领取点","balance":"0","prizeNotice":null,"getedFlow":"0","resultCode":"shake10003","type":null,"leftCount":"0"},"createTime":"2018-10-02 10:10:08","msgType":"stealFlowCoinRsp","version":""}
INFO main com.zhuwb.WoXin - kPOin1QHJAxvRuTlsfZmnw==---{"content":{"resultMsg":"还没到领取点","balance":"0","prizeNotice":null,"getedFlow":"0","resultCode":"shake10003","type":null,"leftCount":"0"},"createTime":"2018-10-02 10:10:08","msgType":"stealFlowCoinRsp","version":""}
INFO main com.zhuwb.WoXin - bS/Qpp6c3eqLF0frrCbMKQ==---{"content":{"resultMsg":"还没到领取点","balance":"0","prizeNotice":null,"getedFlow":"0","resultCode":"shake10003","type":null,"leftCount":"0"},"createTime":"2018-10-02 10:10:08","msgType":"stealFlowCoinRsp","version":""}
INFO main com.zhuwb.WoXin - PhCPq1hsI+x+aGOMTu31aQ==---{"content":{"resultMsg":"还没到领取点","balance":"0","prizeNotice":null,"getedFlow":"0","resultCode":"shake10003","type":null,"leftCount":"0"},"createTime":"2018-10-02 10:10:08","msgType":"stealFlowCoinRsp","version":""}
INFO main com.zhuwb.WoXin - n1FS154wcxIqGxyZEBduoA==---{"content":{"resultMsg":"还没到领取点","balance":"0","prizeNotice":null,"getedFlow":"0","resultCode":"shake10003","type":null,"leftCount":"0"},"createTime":"2018-10-02 10:10:09","msgType":"stealFlowCoinRsp","version":""}
INFO main com.zhuwb.WoXin - CjUvpw2lOd2FvDkgxEZUFQ==---{"content":{"resultMsg":"还没到领取点","balance":"0","prizeNotice":null,"getedFlow":"0","resultCode":"shake10003","type":null,"leftCount":"0"},"createTime":"2018-10-02 10:10:09","msgType":"stealFlowCoinRsp","version":""}
